This is pdfTeX, Version 3.1415926-1.40.10 (TeX Live 2009/Debian) (format=pdflatex 2012.11.24)  3 DEC 2012 13:47
entering extended mode
 %&-line parsing enabled.
**sensorproject.tex
(./sensorproject.tex
LaTeX2e <2009/09/24>
Babel <v3.8l> and hyphenation patterns for english, usenglishmax, dumylang, noh
yphenation, loaded.
(/usr/share/texmf-texlive/tex/latex/base/article.cls
Document Class: article 2007/10/19 v1.4h Standard LaTeX document class
(/usr/share/texmf-texlive/tex/latex/base/size11.clo
File: size11.clo 2007/10/19 v1.4h Standard LaTeX file (size option)
)
\c@part=\count79
\c@section=\count80
\c@subsection=\count81
\c@subsubsection=\count82
\c@paragraph=\count83
\c@subparagraph=\count84
\c@figure=\count85
\c@table=\count86
\abovecaptionskip=\skip41
\belowcaptionskip=\skip42
\bibindent=\dimen102
)
(/usr/share/texmf-texlive/tex/latex/geometry/geometry.sty
Package: geometry 2008/12/21 v4.2 Page Geometry

(/usr/share/texmf-texlive/tex/latex/graphics/keyval.sty
Package: keyval 1999/03/16 v1.13 key=value parser (DPC)
\KV@toks@=\toks14
)
(/usr/share/texmf-texlive/tex/generic/oberdiek/ifpdf.sty
Package: ifpdf 2009/04/10 v2.0 Provides the ifpdf switch (HO)
Package ifpdf Info: pdfTeX in pdf mode detected.
)
(/usr/share/texmf-texlive/tex/generic/oberdiek/ifvtex.sty
Package: ifvtex 2008/11/04 v1.4 Switches for detecting VTeX and its modes (HO)
Package ifvtex Info: VTeX not detected.
)
\Gm@cnth=\count87
\Gm@cntv=\count88
\c@Gm@tempcnt=\count89
\Gm@bindingoffset=\dimen103
\Gm@wd@mp=\dimen104
\Gm@odd@mp=\dimen105
\Gm@even@mp=\dimen106
\Gm@dimlist=\toks15
)
(/usr/share/texmf-texlive/tex/latex/enumitem/enumitem.sty
Package: enumitem 2009/05/18 v2.2 Customized lists
\enit@toks=\toks16
\labelindent=\skip43
\enit@outerparindent=\dimen107
\enitdp@desc=\count90
)
(/usr/share/texmf-texlive/tex/latex/amsmath/amsmath.sty
Package: amsmath 2000/07/18 v2.13 AMS math features
\@mathmargin=\skip44

For additional information on amsmath, use the `?' option.
(/usr/share/texmf-texlive/tex/latex/amsmath/amstext.sty
Package: amstext 2000/06/29 v2.01

(/usr/share/texmf-texlive/tex/latex/amsmath/amsgen.sty
File: amsgen.sty 1999/11/30 v2.0
\@emptytoks=\toks17
\ex@=\dimen108
))
(/usr/share/texmf-texlive/tex/latex/amsmath/amsbsy.sty
Package: amsbsy 1999/11/29 v1.2d
\pmbraise@=\dimen109
)
(/usr/share/texmf-texlive/tex/latex/amsmath/amsopn.sty
Package: amsopn 1999/12/14 v2.01 operator names
)
\inf@bad=\count91
LaTeX Info: Redefining \frac on input line 211.
\uproot@=\count92
\leftroot@=\count93
LaTeX Info: Redefining \overline on input line 307.
\classnum@=\count94
\DOTSCASE@=\count95
LaTeX Info: Redefining \ldots on input line 379.
LaTeX Info: Redefining \dots on input line 382.
LaTeX Info: Redefining \cdots on input line 467.
\Mathstrutbox@=\box26
\strutbox@=\box27
\big@size=\dimen110
LaTeX Font Info:    Redeclaring font encoding OML on input line 567.
LaTeX Font Info:    Redeclaring font encoding OMS on input line 568.
\macc@depth=\count96
\c@MaxMatrixCols=\count97
\dotsspace@=\muskip10
\c@parentequation=\count98
\dspbrk@lvl=\count99
\tag@help=\toks18
\row@=\count100
\column@=\count101
\maxfields@=\count102
\andhelp@=\toks19
\eqnshift@=\dimen111
\alignsep@=\dimen112
\tagshift@=\dimen113
\tagwidth@=\dimen114
\totwidth@=\dimen115
\lineht@=\dimen116
\@envbody=\toks20
\multlinegap=\skip45
\multlinetaggap=\skip46
\mathdisplay@stack=\toks21
LaTeX Info: Redefining \[ on input line 2666.
LaTeX Info: Redefining \] on input line 2667.
)
(/usr/share/texmf-texlive/tex/latex/amsfonts/amsfonts.sty
Package: amsfonts 2009/06/22 v3.00 Basic AMSFonts support
\symAMSa=\mathgroup4
\symAMSb=\mathgroup5
LaTeX Font Info:    Overwriting math alphabet `\mathfrak' in version `bold'
(Font)                  U/euf/m/n --> U/euf/b/n on input line 96.
)
(/usr/share/texmf-texlive/tex/latex/amsfonts/amssymb.sty
Package: amssymb 2009/06/22 v3.00
)
(/usr/share/texmf-texlive/tex/latex/amscls/amsthm.sty
Package: amsthm 2004/08/06 v2.20
\thm@style=\toks22
\thm@bodyfont=\toks23
\thm@headfont=\toks24
\thm@notefont=\toks25
\thm@headpunct=\toks26
\thm@preskip=\skip47
\thm@postskip=\skip48
\thm@headsep=\skip49
\dth@everypar=\toks27
)
(/usr/share/texmf-texlive/tex/latex/tools/verbatim.sty
Package: verbatim 2003/08/22 v1.5q LaTeX2e package for verbatim enhancements
\every@verbatim=\toks28
\verbatim@line=\toks29
\verbatim@in@stream=\read1
)
(/usr/share/texmf-texlive/tex/latex/floatrow/floatrow.sty
Package: floatrow 2008/08/02 v0.3b floatrow: float package extension

(/usr/share/texmf-texlive/tex/latex/caption/caption3.sty
Package: caption3 2009/10/09 v3.1k caption3 kernel (AR)
\captionmargin=\dimen117
\captionmargin@=\dimen118
\captionwidth=\dimen119
\caption@indent=\dimen120
\caption@parindent=\dimen121
\caption@hangindent=\dimen122
)
\c@float@type=\count103
\float@exts=\toks30
\float@box=\box28
\@floatcapt=\box29
Package floatrow Info: Modified float package code loaded on input line 455.
Package floatrow Info: Modified rotfloat package code loaded on input line 473.

\FR@everyfloat=\toks31
\flrow@foot=\insert233
\FB@wd=\dimen123
\FBo@wd=\dimen124
\FBc@wd=\dimen125
\FBo@ht=\skip50
\FBc@ht=\skip51
\FBf@ht=\skip52
\FBo@max=\skip53
\FBc@max=\skip54
\FBf@max=\skip55
\c@FBl@b=\count104
\floatbox@depth=\count105
\c@FRobj=\count106
\c@FRsobj=\count107
\Xhsize=\skip56
\sXhsize=\skip57
\Zhsize=\skip58
\sZhsize=\skip59
\flrow@rowbox=\box30
\FR@Zunitlength=\dimen126
\c@FBcnt=\count108
\FPOScnt=\count109
\LTleft=\skip60
\LTright=\skip61
\LTleft=\skip62
\LTright=\skip63
\flrow@types=\toks32
) (./diagrams.sty
==================================================================
<Paul Taylor's commutative diagrams - version 3.94, April 2011>
Package: diagrams 2011/04/19 v3.94 Paul Taylor's commutative diagrams
\CD@uA=\count110
\CD@vA=\count111
\CD@wA=\count112
\CD@xA=\count113
\CD@OA=\dimen127
\CD@PA=\dimen128
\CD@RA=\dimen129
\CD@SA=\dimen130
\CD@yA=\count114
\CD@zA=\count115
\CD@QA=\dimen131
\CD@DA=\box31
\CD@LH=\count116
\CD@TC=\count117
\CD@XH=\dimen132
\CD@zC=\dimen133
\CD@@I=\dimen134
\CD@LF=\dimen135
\CD@oI=\dimen136
\CD@DC=\dimen137
\CD@eJ=\dimen138
\PileSpacing=\dimen139
\CD@nA=\dimen140
\CD@YB=\dimen141
\DiagramCellHeight=\dimen142
\DiagramCellWidth=\dimen143
\MapShortFall=\dimen144
\CD@iA=\dimen145
\rh+:>=\box32
\rt+:<=\box33
\dh+:>=\box34
\dt+:<=\box35
\rt+:>=\box36
\rh+:<=\box37
\dt+:>=\box38
\dh+:<=\box39
\CD@VE=\toks33
\CD@SE=\toks34
\CD@VA=\count118
\CD@ME=\toks35
\CD@XE=\toks36
\CD@RE=\toks37
\CD@TE=\toks38
\CD@QE=\toks39
\CD@WE=\toks40
\CD@OE=\toks41
\CD@PE=\toks42
\CD@NE=\toks43
\CD@UE=\toks44
\CD@CA=\count119
\CD@XB=\count120
\CD@NB=\count121
\CD@FA=\count122
\CD@lA=\count123
\CD@MB=\count124
\CD@GB=\count125
\CD@KG=\box40
\CD@IG=\box41
\DiagonalChoice=\count126
\objectheight=\dimen146
\objectwidth=\dimen147
\CD@NA=\toks45
\CD@xI=\toks46
\CD@lH=\toks47
\CD@hD=\toks48
\CD@hH=\toks49
LaTeX Font Info:    Try loading font information for U+msa on input line 1889.

(/usr/share/texmf-texlive/tex/latex/amsfonts/umsa.fd
File: umsa.fd 2009/06/22 v3.00 AMS symbols A
)
LaTeX Font Info:    Try loading font information for U+msb on input line 1889.

(/usr/share/texmf-texlive/tex/latex/amsfonts/umsb.fd
File: umsb.fd 2009/06/22 v3.00 AMS symbols B
)
| running in pdf mode -- diagonal arrows will work automatically |
===================================================================)
(/usr/share/texmf-texlive/tex/latex/graphics/graphicx.sty
Package: graphicx 1999/02/16 v1.0f Enhanced LaTeX Graphics (DPC,SPQR)

(/usr/share/texmf-texlive/tex/latex/graphics/graphics.sty
Package: graphics 2009/02/05 v1.0o Standard LaTeX Graphics (DPC,SPQR)

(/usr/share/texmf-texlive/tex/latex/graphics/trig.sty
Package: trig 1999/03/16 v1.09 sin cos tan (DPC)
)
(/etc/texmf/tex/latex/config/graphics.cfg
File: graphics.cfg 2009/08/28 v1.8 graphics configuration of TeX Live
)
Package graphics Info: Driver file: pdftex.def on input line 91.

(/usr/share/texmf-texlive/tex/latex/pdftex-def/pdftex.def
File: pdftex.def 2010/03/12 v0.04p Graphics/color for pdfTeX
\Gread@gobject=\count127
))
\Gin@req@height=\dimen148
\Gin@req@width=\dimen149
)
(/usr/share/texmf-texlive/tex/latex/subfig/subfig.sty
Package: subfig 2005/06/28 ver: 1.3 subfig package

(/usr/share/texmf-texlive/tex/latex/caption/caption.sty
Package: caption 2009/10/09 v3.1k Customizing captions (AR)
\c@ContinuedFloat=\count128
Package caption Info: float package is loaded.
Package caption Info: floatrow package is loaded.
)
\c@KVtest=\count129
\sf@farskip=\skip64
\sf@captopadj=\dimen150
\sf@capskip=\skip65
\sf@nearskip=\skip66
\c@subfigure=\count130
\c@subfigure@save=\count131
\c@lofdepth=\count132
\c@subtable=\count133
\c@subtable@save=\count134
\c@lotdepth=\count135
\sf@top=\skip67
\sf@bottom=\skip68
)
(/usr/share/texmf-texlive/tex/latex/base/fontenc.sty
Package: fontenc 2005/09/27 v1.99g Standard LaTeX package

(/usr/share/texmf-texlive/tex/latex/base/t1enc.def
File: t1enc.def 2005/09/27 v1.99g Standard LaTeX file
LaTeX Font Info:    Redeclaring font encoding T1 on input line 43.
))
(/usr/share/texmf-texlive/tex/latex/fmtcount/fmtcount.sty
Package: fmtcount 2009/10/02 v1.31

(/usr/share/texmf-texlive/tex/latex/base/ifthen.sty
Package: ifthen 2001/05/26 v1.1c Standard LaTeX ifthen package (DPC)
)
\c@padzeroesN=\count136

(/usr/share/texmf-texlive/tex/latex/fmtcount/fc-english.def
File: fc-english 2007/05/26
)
(/usr/share/texmf-texlive/tex/latex/fmtcount/fc-USenglish.def
File: fc-USenglish 2007/06/14
)
No configuration file fmtcount.cfg found.
\@DT@modctr=\count137
\@ordinalctr=\count138
\@orgargctr=\count139
\@strctr=\count140
\@tmpstrctr=\count141
\@DT@loopN=\count142
\@DT@X=\count143
) (/usr/share/texmf-texlive/tex/latex/tools/longtable.sty
Package: longtable 2004/02/01 v4.11 Multi-page Table package (DPC)
\LTleft=\skip69
\LTright=\skip70
\LTpre=\skip71
\LTpost=\skip72
\LTchunksize=\count144
\LTcapwidth=\dimen151
\LT@head=\box42
\LT@firsthead=\box43
\LT@foot=\box44
\LT@lastfoot=\box45
\LT@cols=\count145
\LT@rows=\count146
\c@LT@tables=\count147
\c@LT@chunks=\count148
\LT@p@ftn=\toks50
)
(/usr/share/texmf-texlive/tex/latex/placeins/placeins.sty
Package: placeins 2005/04/18  v 2.2
) (./sensorproject.aux (./introduction.aux) (./progbreakdown.aux) (./exectution
.aux) (./analysis.aux) (./conclusions.aux))
\openout1 = `sensorproject.aux'.

LaTeX Font Info:    Checking defaults for OML/cmm/m/it on input line 44.
LaTeX Font Info:    ... okay on input line 44.
LaTeX Font Info:    Checking defaults for T1/cmr/m/n on input line 44.
LaTeX Font Info:    ... okay on input line 44.
LaTeX Font Info:    Checking defaults for OT1/cmr/m/n on input line 44.
LaTeX Font Info:    ... okay on input line 44.
LaTeX Font Info:    Checking defaults for OMS/cmsy/m/n on input line 44.
LaTeX Font Info:    ... okay on input line 44.
LaTeX Font Info:    Checking defaults for OMX/cmex/m/n on input line 44.
LaTeX Font Info:    ... okay on input line 44.
LaTeX Font Info:    Checking defaults for U/cmr/m/n on input line 44.
LaTeX Font Info:    ... okay on input line 44.

*geometry auto-detecting driver*
*geometry detected driver: pdftex*
-------------------- Geometry parameters
paper: class default
landscape: --
twocolumn: --
twoside: --
asymmetric: --
h-parts: 56.9055pt, 500.484pt, 56.9055pt
v-parts: 56.9055pt, 681.15898pt, 56.9055pt
hmarginratio: --
vmarginratio: --
lines: --
heightrounded: --
bindingoffset: 0.0pt
truedimen: --
includehead: --
includefoot: --
includemp: --
driver: pdftex
-------------------- Page layout dimensions and switches
\paperwidth  614.295pt
\paperheight 794.96999pt
\textwidth  500.484pt
\textheight 681.15898pt
\oddsidemargin  -15.36449pt
\evensidemargin -15.36449pt
\topmargin  -52.36449pt
\headheight 12.0pt
\headsep    25.0pt
\footskip   30.0pt
\marginparwidth 59.0pt
\marginparsep   10.0pt
\columnsep  10.0pt
\skip\footins  10.0pt plus 4.0pt minus 2.0pt
\hoffset 0.0pt
\voffset 0.0pt
\mag 1000

(1in=72.27pt, 1cm=28.45pt)
-----------------------
Package caption Info: Begin \AtBeginDocument code.
Package caption3 Info: subfig package 1.2 or 1.3 is loaded.
LaTeX Info: Redefining \subref on input line 44.
Package caption Info: longtable package is loaded.
(/usr/share/texmf-texlive/tex/latex/caption/ltcaption.sty
Package: ltcaption 2008/03/28 v1.2 longtable captions (AR)
)
Package caption Info: End \AtBeginDocument code.

(/usr/share/texmf-texlive/tex/latex/graphics/color.sty
Package: color 2005/11/14 v1.0j Standard LaTeX Color (DPC)

(/etc/texmf/tex/latex/config/color.cfg
File: color.cfg 2007/01/18 v1.5 color configuration of teTeX/TeXLive
)
Package color Info: Driver file: pdftex.def on input line 130.
)
(/usr/share/texmf-texlive/tex/latex/floatrow/fr-subfig.sty
Package: fr-subfig 2007/12/24 v0.1g (beta) floatrow: additions for subfig
\FBsc@max=\skip73
\FBso@max=\skip74
)
(/usr/share/texmf-texlive/tex/latex/floatrow/fr-longtable.sty
Package: fr-longtable 2007/11/28 v0.1b (beta) floatrow: additions for longtable

\flrow@LT@lasthead=\box46
\flrow@LT@prelastfoot=\box47
\c@FBLTpage=\count149
)
(/usr/share/texmf-texlive/tex/context/base/supp-pdf.mkii
[Loading MPS to PDF converter (version 2006.09.02).]
\scratchcounter=\count150
\scratchdimen=\dimen152
\scratchbox=\box48
\nofMPsegments=\count151
\nofMParguments=\count152
\everyMPshowfont=\toks51
\MPscratchCnt=\count153
\MPscratchDim=\dimen153
\MPnumerator=\count154
\everyMPtoPDFconversion=\toks52
) <CarletonLogo.png, id=1, 702.625pt x 201.75375pt>
File: CarletonLogo.png Graphic file (type png)
 <use CarletonLogo.png>
<pics/title.png, id=3, 591.20876pt x 567.11874pt>
File: pics/title.png Graphic file (type png)
 <use pics/title.png> [1

{/var/lib/texmf/fonts/map/pdftex/updmap/pdftex.map} <./CarletonLogo.png> <./pic
s/title.png (PNG copy)>] (./sensorproject.toc)
\tf@toc=\write3
\openout3 = `sensorproject.toc'.

 (./sensorproject.lof [1])
\tf@lof=\write4
\openout4 = `sensorproject.lof'.

 [2]
\openout2 = `introduction.aux'.


(./introduction.tex) [3

]
\openout2 = `progbreakdown.aux'.

 (./progbreakdown.tex
<pics/Main.jpg, id=30, 1587.9325pt x 1908.12875pt>
File: pics/Main.jpg Graphic file (type jpg)
 <use pics/Main.jpg>
<pics/placement1.png, id=31, 91.84312pt x 91.09032pt>
File: pics/placement1.png Graphic file (type png)

<use pics/placement1.png>
<pics/placement2.png, id=32, 125.71968pt x 121.20282pt>
File: pics/placement2.png Graphic file (type png)

<use pics/placement2.png> [4


] [5 <./pics/Main.jpg>] [6 <./pics/placement1.png> <./pics/placement2.png>] <pi
cs/algo.jpg, id=48, 589.20125pt x 479.7925pt>
File: pics/algo.jpg Graphic file (type jpg)

<use pics/algo.jpg> [7 <./pics/algo.jpg>]) [8]
\openout2 = `exectution.aux'.

 (./exectution.tex) [9


]
\openout2 = `analysis.aux'.


(./analysis.tex <pics/graph10k3.png, id=59, 614.295pt x 287.6346pt>
File: pics/graph10k3.png Graphic file (type png)

<use pics/graph10k3.png> <pics/graph10k7.png, id=60, 614.295pt x 283.2984pt>
File: pics/graph10k7.png Graphic file (type png)

<use pics/graph10k7.png> <pics/graph10k12.png, id=61, 614.295pt x 293.4162pt>
File: pics/graph10k12.png Graphic file (type png)

<use pics/graph10k12.png> [10


 <./pics/graph10k3.png>]
<pics/graph40k3.png, id=66, 614.295pt x 291.9708pt>
File: pics/graph40k3.png Graphic file (type png)
 <use pics/graph40k3.png>
<pics/graph40k7.png, id=67, 614.295pt x 293.4162pt>
File: pics/graph40k7.png Graphic file (type png)
 <use pics/graph40k7.png>
<pics/graph40k12.png, id=68, 614.295pt x 281.853pt>
File: pics/graph40k12.png Graphic file (type png)
 <use pics/graph40k12.png>
[11 <./pics/graph10k7.png> <./pics/graph10k12.png>]
<pics/graph100k3.png, id=74, 614.295pt x 290.5254pt>
File: pics/graph100k3.png Graphic file (type png)
 <use pics/graph100k3.png>
<pics/graph100k7.png, id=75, 614.295pt x 296.307pt>
File: pics/graph100k7.png Graphic file (type png)
 <use pics/graph100k7.png>
<pics/graph100k12.png, id=76, 614.295pt x 287.6346pt>
File: pics/graph100k12.png Graphic file (type png)

<use pics/graph100k12.png> <pics/graph1000k3.png, id=77, 614.295pt x 289.08pt>
File: pics/graph1000k3.png Graphic file (type png)

<use pics/graph1000k3.png>
<pics/graph1000k7.png, id=78, 614.295pt x 290.5254pt>
File: pics/graph1000k7.png Graphic file (type png)

<use pics/graph1000k7.png>
<pics/graph1000k12.png, id=79, 614.295pt x 278.9622pt>
File: pics/graph1000k12.png Graphic file (type png)

<use pics/graph1000k12.png>
Overfull \hbox (0.76659pt too wide) in paragraph at lines 96--96
 [][] 
 []

<pics/graph5000k3.png, id=80, 614.295pt x 290.5254pt>
File: pics/graph5000k3.png Graphic file (type png)

<use pics/graph5000k3.png>
<pics/graph5000k7.png, id=81, 614.295pt x 284.7438pt>
File: pics/graph5000k7.png Graphic file (type png)

<use pics/graph5000k7.png>
<pics/graph5000k12.png, id=82, 614.295pt x 309.3156pt>
File: pics/graph5000k12.png Graphic file (type png)

<use pics/graph5000k12.png> [12 <./pics/graph40k3.png> <./pics/graph40k7.png>]
<pics/graph100k12b.png, id=89, 614.295pt x 281.853pt>
File: pics/graph100k12b.png Graphic file (type png)

<use pics/graph100k12b.png>
<pics/graph1000k12b.png, id=90, 614.295pt x 293.4162pt>
File: pics/graph1000k12b.png Graphic file (type png)

<use pics/graph1000k12b.png>
<pics/graph5000k12b.png, id=91, 614.295pt x 296.307pt>
File: pics/graph5000k12b.png Graphic file (type png)

<use pics/graph5000k12b.png>) [13 <./pics/graph40k12.png> <./pics/graph100k3.pn
g>] [14 <./pics/graph100k7.png> <./pics/graph100k12.png>] [15 <./pics/graph1000
k3.png> <./pics/graph1000k7.png>] [16 <./pics/graph1000k12.png> <./pics/graph50
00k3.png>] [17 <./pics/graph5000k7.png> <./pics/graph5000k12.png>] [18 <./pics/
graph100k12b.png> <./pics/graph1000k12b.png>] [19 <./pics/graph5000k12b.png>]
\openout2 = `conclusions.aux'.


(./conclusions.tex) [20


]
Commutative Diagram: try the PostScript option for better results
(./sensorproject.aux (./introduction.aux) (./progbreakdown.aux)
(./exectution.aux) (./analysis.aux) (./conclusions.aux)) ) 
Here is how much of TeX's memory you used:
 6854 strings out of 495061
 84081 string characters out of 1182620
 168037 words of memory out of 3000000
 9890 multiletter control sequences out of 15000+50000
 20546 words of font info for 56 fonts, out of 3000000 for 9000
 28 hyphenation exceptions out of 8191
 37i,6n,39p,1049b,377s stack positions out of 5000i,500n,10000p,200000b,50000s
 </home/darrylhill/.t
exmf-var/fonts/pk/ljfour/jknappen/ec/ecrm0900.600pk> </home/darrylhill/.texmf-v
ar/fonts/pk/ljfour/jknappen/ec/ecbx1200.600pk> </home/darrylhill/.texmf-var/fon
ts/pk/ljfour/jknappen/ec/ecrm1095.600pk> </home/darrylhill/.texmf-var/fonts/pk/
ljfour/jknappen/ec/ecbx1095.600pk> </home/darrylhill/.texmf-var/fonts/pk/ljfour
/jknappen/ec/ecbx1440.600pk> </home/darrylhill/.texmf-var/fonts/pk/ljfour/jknap
pen/ec/ecrm1200.600pk> </home/darrylhill/.texmf-var/fonts/pk/ljfour/jknappen/ec
/ecrm1440.600pk> </home/darrylhill/.texmf-var/fonts/pk/ljfour/jknappen/ec/ecti1
440.600pk> </home/darrylhill/.texmf-var/fonts/pk/ljfour/jknappen/ec/ecbx1728.60
0pk> </home/darrylhill/.texmf-var/fonts/pk/ljfour/jknappen/ec/eccc1440.600pk> <
/home/darrylhill/.texmf-var/fonts/pk/ljfour/jknappen/ec/eccc1200.600pk></usr/sh
are/texmf-texlive/fonts/type1/public/amsfonts/cm/cmmi10.pfb></usr/share/texmf-t
exlive/fonts/type1/public/amsfonts/cm/cmmi8.pfb></usr/share/texmf-texlive/fonts
/type1/public/amsfonts/cm/cmr10.pfb></usr/share/texmf-texlive/fonts/type1/publi
c/amsfonts/cm/cmr8.pfb></usr/share/texmf-texlive/fonts/type1/public/amsfonts/cm
/cmsy10.pfb>
Output written on sensorproject.pdf (21 pages, 1164870 bytes).
PDF statistics:
 506 PDF objects out of 1000 (max. 8388607)
 0 named destinations out of 1000 (max. 500000)
 121 words of extra memory for PDF output out of 10000 (max. 10000000)

